{
  "0 debug pnpm:scope": {
    "selected": 1
  },
  "1 error pnpm": {
    "errno": 1,
    "code": "ELIFECYCLE",
    "pkgid": "mylib@1.0.0",
    "stage": "build",
    "script": "tsup src/index.ts --dts",
    "pkgname": "mylib",
    "err": {
      "name": "pnpm",
      "message": "mylib@1.0.0 build: `tsup src/index.ts --dts`\nExit status 1",
      "code": "ELIFECYCLE",
      "stack": "pnpm: mylib@1.0.0 build: `tsup src/index.ts --dts`\nExit status 1\n    at EventEmitter.<anonymous> (/Users/jexxie/.pnpm/global-modules/5/node_modules/.pnpm/pnpm@6.21.1/node_modules/pnpm/dist/pnpm.cjs:103390:20)\n    at EventEmitter.emit (node:events:390:28)\n    at ChildProcess.<anonymous> (/Users/jexxie/.pnpm/global-modules/5/node_modules/.pnpm/pnpm@6.21.1/node_modules/pnpm/dist/pnpm.cjs:91330:18)\n    at ChildProcess.emit (node:events:390:28)\n    at maybeClose (node:internal/child_process:1064:16)\n    at Process.ChildProcess._handle.onexit (node:internal/child_process:301:5)"
    }
  },
  "2 warn pnpm:global": " Local package.json exists, but node_modules missing, did you mean to install?"
}